<?xml version="1.0" encoding="UTF-8"?>
<!-- Generated by org.testng.reporters.JUnitReportReporter -->
<testsuite hostname="LIN66016442" failures="0" tests="2" name="com.myntra.tests.AppTests" time="56.288" errors="0" timestamp="2023-01-09T23:22:47 IST" skipped="0">
  <testcase classname="com.myntra.tests.AppTests" name="searchProductVerify" time="9.210"/>
  <system-out/>
  <testcase classname="com.myntra.tests.AppTests" name="checkForBags" time="47.078"/>
  <system-out/>
</testsuite> <!-- com.myntra.tests.AppTests -->
